96 [22336] INFO perfrun.launcher <> - Launcher main begin
103 [22336] INFO perfrun.launcher <> - MessageCatalogInit finished
103 [22336] INFO perfrun.launcher <> - Launcher instance created
103 [22336] INFO perfrun.launcher <> - argc = 7; cmdline = C:\Program Files (x86)\Intel\oneAPI\vtune\2022.0.0\bin64\amplxe-runss.exe --ui-output-format xml --ui-output-fd 920 --option-file C:\Users\COMMIT_gram\Desktop\DHJOO\huggingface\huggin_transformers\src\transformers\models\electra\r000ue\config\runsa.options 
132 [22336] INFO perfrun.launcher <> - New signal handler callback was added
234 [22336] INFO perfrun.launcher <> - create msngr2::ICliToolContext
235 [22336] INFO perfrun.launcher <> - create file finder object
240 [22336] INFO perfrun.launcher <> - create a result directory: pattern = C:\Users\COMMIT_gram\Desktop\DHJOO\huggingface\huggin_transformers\src\transformers\models\electra\r000ue pid = 4294967295
245 [22336] INFO perfrun.launcher <> - create data directory = C:\Users\COMMIT_gram\Desktop\DHJOO\huggingface\huggin_transformers\src\transformers\models\electra\r000ue\data.0
247 [22336] INFO perfrun.launcher <> - Creating the master collection flag
255 [22336] INFO perfrun.launcher <> - Done creating the master collection flag
256 [24868] INFO perfrun.launcher <> - plugin [remoteplug] was disabled because it doesn't support the given collection type.
260 [24868] INFO perfrun.sdk <> - Allocating TMU :C:\Users\COMMIT_gram\Desktop\DHJOO\huggingface\huggin_transformers\src\transformers\models\electra\r000ue\data.0\systemcollector-21892-DESKTOP-RFDFPOB.sc
260 [24868] INFO perfrun.launcher <> - plugin [] was disabled because it doesn't support the given collection type.
267 [24868] INFO perfrun.launcher <> - plugin [] was disabled because it doesn't support the given collection type.
267 [24868] INFO perfrun.launcher <> - plugin [gpu] was disabled because it doesn't support the given collection type.
268 [24868] INFO perfrun.launcher <> - plugin [etw.kernel] was disabled because it doesn't support the given collection type.
268 [24868] INFO perfrun.launcher <> - plugin [etw.dx] was disabled because it doesn't support the given collection type.
270 [24868] INFO perfrun.launcher <> - plugin [etw.wsa] was disabled because it doesn't support the given collection type.
271 [24868] INFO perfrun.mrte <> - system-wide mode is 0
273 [24868] INFO perfrun.mrte <> - Getting  mrte profiling environment ...
452 [24868] INFO perfrun.mrte <> - INTEL_MRTE_DATA_DIR=C:\Users\COMMIT_gram\Desktop\DHJOO\huggingface\huggin_transformers\src\transformers\models\electra\r000ue\data.0
452 [24868] INFO perfrun.mrte <> - INTEL_MRTE_HOST_NAME=DESKTOP-RFDFPOB
452 [24868] INFO perfrun.mrte <> - JAVA_TOOL_OPTIONS=-agentlib:amplxe_samplingmrte_javaprof_1.0
452 [24868] INFO perfrun.mrte <> - PATH=C:\Program Files (x86)\Intel\oneAPI\vtune\2022.0.0\bin32\runtime;C:\Program Files (x86)\Intel\oneAPI\vtune\2022.0.0\bin64\runtime;C:\Users\COMMIT_gram\anaconda3\envs\pytorch_env;C:\Users\COMMIT_gram\anaconda3\envs\pytorch_env\Library\mingw-w64\bin;C:\Users\COMMIT_gram\anaconda3\envs\pytorch_env\Library\usr\bin;C:\Users\COMMIT_gram\anaconda3\envs\pytorch_env\Library\bin;C:\Users\COMMIT_gram\anaconda3\envs\pytorch_env\Scripts;C:\Users\COMMIT_gram\anaconda3\envs\pytorch_env\bin;C:\Users\COMMIT_gram\anaconda3\condabin;C:\Program Files (x86)\Intel\oneAPI\tbb\latest\redist\intel64\vc_mt;C:\Program Files (x86)\Intel\oneAPI\tbb\latest\redist\ia32\vc_mt;C:\Program Files (x86)\Intel\oneAPI\compiler\latest\windows\redist\intel64_win\compiler;C:\Program Files (x86)\Intel\oneAPI\compiler\latest\windows\redist\ia32_win\compiler;C:\Program Files (x86)\NetSarang\Xshell 6;C:\Program Files (x86)\Common Files\Oracle\Java\javapath;C:\ProgramData\Oracle\Java\javapath;C:\Program Files (x86)\Intel\iCLS Client;C:\Program Files\Intel\iCLS Client;C:\WINDOWS\system32;C:\WINDOWS;C:\WINDOWS\System32\Wbem;C:\WINDOWS\System32\WindowsPowerShell\v1.0;C:\Program Files (x86)\Intel\Intel(R) Management Engine Components\DAL;C:\Program Files\Intel\Intel(R) Management Engine Components\DAL;C:\Program Files (x86)\Intel\Intel(R) Management Engine Components\IPT;C:\Program Files\Intel\Intel(R) Management Engine Components\IPT;C:\WINDOWS\System32\OpenSSH;C:\Users\COMMIT_gram\AppData\Local\Microsoft\WindowsApps;C:\intelFPGA\16.1\modelsim_ase\win32aloem;C:\Users\COMMIT_gram\AppData\Local\Programs\Microsoft VS Code\bin;C:\Users\COMMIT_gram\AppData\Local\atom\bin;C:\Program Files (x86)\Intel\oneAPI\vtune\2022.0.0\bin64
453 [24868] INFO perfrun.mrte <> - COR_ENABLE_PROFILING=1
453 [24868] INFO perfrun.mrte <> - COR_PROFILER={AA5E4821-E3B1-479c-B7FF-5AD047D22CED}
453 [24868] INFO perfrun.mrte <> - COMPLUS_ProfAPI_ProfilerCompatibilitySetting=EnableV2Profiler
453 [24868] INFO perfrun.mrte <> - CORECLR_ENABLE_PROFILING=1
453 [24868] INFO perfrun.mrte <> - CORECLR_PROFILER={AA5E4821-E3B1-479c-B7FF-5AD047D22CED}
453 [24868] INFO perfrun.mrte <> - CORECLR_PROFILER_PATH=C:\Program Files (x86)\Intel\oneAPI\vtune\2022.0.0\bin64/amplxe_samplingmrte_clrprof_1.0.dll
453 [24868] INFO perfrun.mrte <> - INTEL_MRTE_PROFILER_MODE=mixed
470 [24868] INFO perfrun.mrte <> - Data directory: C:\Users\COMMIT_gram\Desktop\DHJOO\huggingface\huggin_transformers\src\transformers\models\electra\r000ue\data.0
470 [24868] INFO perfrun.mrte <> - Mrte plugin is initialized
471 [24868] INFO perfrun.launcher <> - plugin [emon] was disabled because it doesn't support the given collection type.
472 [24868] INFO perfrun.launcher <> - plugin [cuscol] was disabled because it doesn't support the given collection type.
473 [24868] INFO perfrun.launcher <> - plugin [stdsrc] was disabled because it doesn't support the given collection type.
478 [24868] INFO perfrun.sdk <> - runCmd: "C:\Program Files (x86)\Intel\oneAPI\vtune\2022.0.0\bin64\sep.exe" -dry-run -ec CPU_CLK_UNHALTED.THREAD:sa=2700000,CPU_CLK_UNHALTED.REF_TSC:sample:sa=2700000,INST_RETIRED.ANY:sample:sa=2700000,CPU_CLK_UNHALTED.REF_XCLK:sa=100003,CPU_CLK_UNHALTED.ONE_THREAD_ACTIVE:sa=100003,CPU_CLK_UNHALTED.THREAD_P,CYCLE_ACTIVITY.STALLS_MEM_ANY,CYCLE_ACTIVITY.STALLS_TOTAL,EXE_ACTIVITY.1_PORTS_UTIL,EXE_ACTIVITY.2_PORTS_UTIL,EXE_ACTIVITY.BOUND_ON_STORES,FRONTEND_RETIRED.LATENCY_GE_4_PS,IDQ_UOPS_NOT_DELIVERED.CORE,INT_MISC.RECOVERY_CYCLES,UOPS_ISSUED.ANY,UOPS_RETIRED.RETIRE_SLOTS,BACLEARS.ANY,BR_MISP_RETIRED.ALL_BRANCHES_PS,DSB2MITE_SWITCHES.PENALTY_CYCLES,FRONTEND_RETIRED.ANY_DSB_MISS,FRONTEND_RETIRED.DSB_MISS_PS,FRONTEND_RETIRED.L2_MISS_PS,FRONTEND_RETIRED.LATENCY_GE_16_PS,FRONTEND_RETIRED.LATENCY_GE_2_BUBBLES_GE_1_PS,FRONTEND_RETIRED.STLB_MISS_PS,ICACHE_16B.IFDATA_STALL,ICACHE_16B.IFDATA_STALL:cmask=1:e=yes,ICACHE_64B.IFTAG_STALL,IDQ.ALL_DSB_CYCLES_4_UOPS,IDQ.ALL_DSB_CYCLES_ANY_UOPS,IDQ.ALL_MITE_CYCLES_4_UOPS,IDQ.ALL_MITE_CYCLES_ANY_UOPS,IDQ.DSB_UOPS,IDQ.MITE_UOPS,IDQ.MS_SWITCHES,IDQ.MS_UOPS,IDQ_UOPS_NOT_DELIVERED.CYCLES_0_UOPS_DELIV.CORE,ILD_STALL.LCP,INT_MISC.CLEAR_RESTEER_CYCLES,MACHINE_CLEARS.COUNT,CYCLE_ACTIVITY.CYCLES_L1D_MISS,CYCLE_ACTIVITY.CYCLES_MEM_ANY,CYCLE_ACTIVITY.STALLS_L1D_MISS,CYCLE_ACTIVITY.STALLS_L2_MISS,CYCLE_ACTIVITY.STALLS_L3_MISS,DTLB_LOAD_MISSES.STLB_HIT:cmask=1,DTLB_LOAD_MISSES.WALK_ACTIVE,DTLB_STORE_MISSES.STLB_HIT:cmask=1,DTLB_STORE_MISSES.WALK_ACTIVE,L1D_PEND_MISS.FB_FULL:cmask=1,L1D_PEND_MISS.PENDING,L2_RQSTS.ALL_RFO,L2_RQSTS.RFO_HIT,LD_BLOCKS.NO_SR,LD_BLOCKS.STORE_FORWARD,LD_BLOCKS_PARTIAL.ADDRESS_ALIAS,MEM_INST_RETIRED.ALL_STORES_PS,MEM_INST_RETIRED.LOCK_LOADS_PS,MEM_INST_RETIRED.SPLIT_LOADS_PS,MEM_INST_RETIRED.SPLIT_STORES_PS,MEM_INST_RETIRED.STLB_MISS_LOADS_PS,MEM_INST_RETIRED.STLB_MISS_STORES_PS,MEM_LOAD_L3_HIT_RETIRED.XSNP_HITM_PS,MEM_LOAD_L3_HIT_RETIRED.XSNP_HIT_PS,MEM_LOAD_L3_HIT_RETIRED.XSNP_MISS_PS,MEM_LOAD_RETIRED.FB_HIT_PS,MEM_LOAD_RETIRED.L1_HIT_PS,MEM_LOAD_RETIRED.L1_MISS_PS,MEM_LOAD_RETIRED.L2_HIT_PS,MEM_LOAD_RETIRED.L3_HIT_PS,MEM_LOAD_RETIRED.L3_MISS_PS,OFFCORE_REQUESTS_BUFFER.SQ_FULL,OFFCORE_REQUESTS_OUTSTANDING.ALL_DATA_RD:cmask=4,OFFCORE_REQUESTS_OUTSTANDING.CYCLES_WITH_DATA_RD,OFFCORE_REQUESTS_OUTSTANDING.CYCLES_WITH_DEMAND_RFO,ARITH.DIVIDER_ACTIVE,FP_ARITH_INST_RETIRED.128B_PACKED_DOUBLE,FP_ARITH_INST_RETIRED.128B_PACKED_SINGLE,FP_ARITH_INST_RETIRED.256B_PACKED_DOUBLE,FP_ARITH_INST_RETIRED.256B_PACKED_SINGLE,FP_ARITH_INST_RETIRED.SCALAR_DOUBLE,FP_ARITH_INST_RETIRED.SCALAR_SINGLE,INST_RETIRED.PREC_DIST,PARTIAL_RAT_STALLS.SCOREBOARD,UOPS_DISPATCHED_PORT.PORT_0,UOPS_DISPATCHED_PORT.PORT_1,UOPS_DISPATCHED_PORT.PORT_2,UOPS_DISPATCHED_PORT.PORT_3,UOPS_DISPATCHED_PORT.PORT_4,UOPS_DISPATCHED_PORT.PORT_5,UOPS_DISPATCHED_PORT.PORT_6,UOPS_DISPATCHED_PORT.PORT_7,UOPS_EXECUTED.CORE_CYCLES_GE_1,UOPS_EXECUTED.CORE_CYCLES_GE_2,UOPS_EXECUTED.CORE_CYCLES_GE_3,UOPS_EXECUTED.CORE_CYCLES_NONE,UOPS_EXECUTED.THREAD,UOPS_EXECUTED.X87,UOPS_ISSUED.VECTOR_WIDTH_MISMATCH,UOPS_RETIRED.MACRO_FUSED,BR_INST_RETIRED.ALL_BRANCHES,FP_ASSIST.ANY,INST_RETIRED.NOP,MEM_INST_RETIRED.ANY,OTHER_ASSISTS.ANY,OFFCORE_RESPONSE:request=DEMAND_RFO:response=L3_HIT.SNOOP_HITM -experimental
483 [24868] INFO perfrun.sdk <> - runCmd started PID 26028
716 [24868] INFO perfrun.launcher <> - plugin [vtsspp] was disabled because it doesn't support the given collection type.
716 [24868] INFO perfrun.launcher <> - plugin [] was disabled because it doesn't support the given collection type.
716 [24868] INFO perfrun.launcher <> - plugin [aoclprofile] was disabled because it doesn't support the given collection type.
716 [24868] INFO perfrun.tpss <> - initialize tpss controller
716 [24868] INFO perfrun.launcher <> - plugin [tpss] was disabled because it doesn't support the given collection type.
717 [24868] INFO perfrun.launcher <> - plugin [exprof] was disabled because it doesn't support the given collection type.
717 [24868] INFO perfrun.launcher <> - plugin [] was disabled because it doesn't support the given collection type.
717 [24868] INFO perfrun.launcher <> - plugin [] was disabled because it doesn't support the given collection type.
717 [24868] INFO perfrun.launcher <> - plugin [] was disabled because it doesn't support the given collection type.
717 [24868] INFO perfrun.launcher <> - plugin [] was disabled because it doesn't support the given collection type.
717 [24868] INFO perfrun.launcher <> - plugin [power] was disabled because it doesn't support the given collection type.
717 [24868] INFO perfrun.launcher <> - plugin [hwloc] was disabled because it doesn't support the given collection type.
717 [24868] INFO perfrun.launcher <> - plugin [ipmwatch] was disabled because it doesn't support the given collection type.
717 [24868] INFO perfrun.launcher <> - plugin [os_counters] was disabled because it doesn't support the given collection type.
717 [24868] INFO perfrun.launcher <> - plugin [l0_metrics] was disabled because it doesn't support the given collection type.
718 [22336] INFO perfrun.launcher <> - set environment variable: PATH = C:\Program Files (x86)\Intel\oneAPI\vtune\2022.0.0\bin32\runtime;C:\Program Files (x86)\Intel\oneAPI\vtune\2022.0.0\bin64\runtime;C:\Users\COMMIT_gram\anaconda3\envs\pytorch_env;C:\Users\COMMIT_gram\anaconda3\envs\pytorch_env\Library\mingw-w64\bin;C:\Users\COMMIT_gram\anaconda3\envs\pytorch_env\Library\usr\bin;C:\Users\COMMIT_gram\anaconda3\envs\pytorch_env\Library\bin;C:\Users\COMMIT_gram\anaconda3\envs\pytorch_env\Scripts;C:\Users\COMMIT_gram\anaconda3\envs\pytorch_env\bin;C:\Users\COMMIT_gram\anaconda3\condabin;C:\Program Files (x86)\Intel\oneAPI\tbb\latest\redist\intel64\vc_mt;C:\Program Files (x86)\Intel\oneAPI\tbb\latest\redist\ia32\vc_mt;C:\Program Files (x86)\Intel\oneAPI\compiler\latest\windows\redist\intel64_win\compiler;C:\Program Files (x86)\Intel\oneAPI\compiler\latest\windows\redist\ia32_win\compiler;C:\Program Files (x86)\NetSarang\Xshell 6;C:\Program Files (x86)\Common Files\Oracle\Java\javapath;C:\ProgramData\Oracle\Java\javapath;C:\Program Files (x86)\Intel\iCLS Client;C:\Program Files\Intel\iCLS Client;C:\WINDOWS\system32;C:\WINDOWS;C:\WINDOWS\System32\Wbem;C:\WINDOWS\System32\WindowsPowerShell\v1.0;C:\Program Files (x86)\Intel\Intel(R) Management Engine Components\DAL;C:\Program Files\Intel\Intel(R) Management Engine Components\DAL;C:\Program Files (x86)\Intel\Intel(R) Management Engine Components\IPT;C:\Program Files\Intel\Intel(R) Management Engine Components\IPT;C:\WINDOWS\System32\OpenSSH;C:\Users\COMMIT_gram\AppData\Local\Microsoft\WindowsApps;C:\intelFPGA\16.1\modelsim_ase\win32aloem;C:\Users\COMMIT_gram\AppData\Local\Programs\Microsoft VS Code\bin;C:\Users\COMMIT_gram\AppData\Local\atom\bin;C:\Program Files (x86)\Intel\oneAPI\vtune\2022.0.0\bin64
718 [22336] INFO perfrun.launcher <> - set environment variable: INTEL_LIBITTNOTIFY32 = C:\Program Files (x86)\Intel\oneAPI\vtune\2022.0.0\bin32\runtime\ittnotify_collector.dll
718 [22336] INFO perfrun.launcher <> - set environment variable: INTEL_LIBITTNOTIFY64 = C:\Program Files (x86)\Intel\oneAPI\vtune\2022.0.0\bin64\runtime\ittnotify_collector.dll
719 [22336] INFO perfrun.launcher <> - set environment variable: INTEL_ITTNOTIFY_GROUPS = 
719 [22336] INFO perfrun.launcher <> - set environment variable: INTEL_JIT_PROFILER32 = C:\Program Files (x86)\Intel\oneAPI\vtune\2022.0.0\bin32\runtime\ittnotify_collector.dll
719 [22336] INFO perfrun.launcher <> - set environment variable: INTEL_JIT_PROFILER64 = C:\Program Files (x86)\Intel\oneAPI\vtune\2022.0.0\bin64\runtime\ittnotify_collector.dll
719 [22336] INFO perfrun.launcher <> - set environment variable: VS_PROFILER = ittnotify_collector.dll
720 [22336] INFO perfrun.launcher <> - set environment variable: OMP_TOOL_LIBRARIES = C:\Program Files (x86)\Intel\oneAPI\vtune\2022.0.0\bin32\runtime\ittnotify_collector.dll;C:\Program Files (x86)\Intel\oneAPI\vtune\2022.0.0\bin64\runtime\ittnotify_collector.dll
720 [22336] INFO perfrun.launcher <> - set environment variable: ENABLE_JITPROFILING = 1
720 [22336] INFO perfrun.launcher <> - set environment variable: CL_CONFIG_USE_VTUNE = True
720 [22336] INFO perfrun.launcher <> - set environment variable: KMP_FORKJOIN_FRAMES = 0
720 [22336] INFO perfrun.launcher <> - set environment variable: KMP_FORKJOIN_FRAMES_MODE = 0
720 [22336] INFO perfrun.launcher <> - set environment variable: OMP_TOOL = disabled
720 [22336] INFO perfrun.launcher <> - set environment variable: INTEL_MRTE_DATA_DIR = C:\Users\COMMIT_gram\Desktop\DHJOO\huggingface\huggin_transformers\src\transformers\models\electra\r000ue\data.0
720 [22336] INFO perfrun.launcher <> - set environment variable: INTEL_MRTE_HOST_NAME = DESKTOP-RFDFPOB
720 [22336] INFO perfrun.launcher <> - set environment variable: JAVA_TOOL_OPTIONS = -agentlib:amplxe_samplingmrte_javaprof_1.0
720 [22336] INFO perfrun.launcher <> - set environment variable: PATH = C:\Program Files (x86)\Intel\oneAPI\vtune\2022.0.0\bin32\runtime;C:\Program Files (x86)\Intel\oneAPI\vtune\2022.0.0\bin64\runtime;C:\Users\COMMIT_gram\anaconda3\envs\pytorch_env;C:\Users\COMMIT_gram\anaconda3\envs\pytorch_env\Library\mingw-w64\bin;C:\Users\COMMIT_gram\anaconda3\envs\pytorch_env\Library\usr\bin;C:\Users\COMMIT_gram\anaconda3\envs\pytorch_env\Library\bin;C:\Users\COMMIT_gram\anaconda3\envs\pytorch_env\Scripts;C:\Users\COMMIT_gram\anaconda3\envs\pytorch_env\bin;C:\Users\COMMIT_gram\anaconda3\condabin;C:\Program Files (x86)\Intel\oneAPI\tbb\latest\redist\intel64\vc_mt;C:\Program Files (x86)\Intel\oneAPI\tbb\latest\redist\ia32\vc_mt;C:\Program Files (x86)\Intel\oneAPI\compiler\latest\windows\redist\intel64_win\compiler;C:\Program Files (x86)\Intel\oneAPI\compiler\latest\windows\redist\ia32_win\compiler;C:\Program Files (x86)\NetSarang\Xshell 6;C:\Program Files (x86)\Common Files\Oracle\Java\javapath;C:\ProgramData\Oracle\Java\javapath;C:\Program Files (x86)\Intel\iCLS Client;C:\Program Files\Intel\iCLS Client;C:\WINDOWS\system32;C:\WINDOWS;C:\WINDOWS\System32\Wbem;C:\WINDOWS\System32\WindowsPowerShell\v1.0;C:\Program Files (x86)\Intel\Intel(R) Management Engine Components\DAL;C:\Program Files\Intel\Intel(R) Management Engine Components\DAL;C:\Program Files (x86)\Intel\Intel(R) Management Engine Components\IPT;C:\Program Files\Intel\Intel(R) Management Engine Components\IPT;C:\WINDOWS\System32\OpenSSH;C:\Users\COMMIT_gram\AppData\Local\Microsoft\WindowsApps;C:\intelFPGA\16.1\modelsim_ase\win32aloem;C:\Users\COMMIT_gram\AppData\Local\Programs\Microsoft VS Code\bin;C:\Users\COMMIT_gram\AppData\Local\atom\bin;C:\Program Files (x86)\Intel\oneAPI\vtune\2022.0.0\bin64
721 [22336] INFO perfrun.launcher <> - set environment variable: COR_ENABLE_PROFILING = 1
721 [22336] INFO perfrun.launcher <> - set environment variable: COR_PROFILER = {AA5E4821-E3B1-479c-B7FF-5AD047D22CED}
721 [22336] INFO perfrun.launcher <> - set environment variable: COMPLUS_ProfAPI_ProfilerCompatibilitySetting = EnableV2Profiler
721 [22336] INFO perfrun.launcher <> - set environment variable: CORECLR_ENABLE_PROFILING = 1
721 [22336] INFO perfrun.launcher <> - set environment variable: CORECLR_PROFILER = {AA5E4821-E3B1-479c-B7FF-5AD047D22CED}
721 [22336] INFO perfrun.launcher <> - set environment variable: CORECLR_PROFILER_PATH = C:\Program Files (x86)\Intel\oneAPI\vtune\2022.0.0\bin64/amplxe_samplingmrte_clrprof_1.0.dll
721 [22336] INFO perfrun.launcher <> - set environment variable: INTEL_MRTE_PROFILER_MODE = mixed
724 [22336] INFO perfrun.launcher <> - RpcServer: run RPC server to handle requests
878 [22336] INFO perfrun.sdk <> - IProcessUtil: the given executable 'python' is valid.
878 [22336] INFO perfrun.launcher <> - Launcher: command line to start before modification = python loading_exported_model.py
878 [22336] INFO perfrun.launcher <> - Launcher: command line to start after modification = python loading_exported_model.py
879 [22336] INFO perfrun.launcher <> - ProcessCreator object was created
883 [22336] INFO perfrun.launcher <> - Launcher: the process was started in suspend mode
901 [24868] INFO perfrun.itt <> - start itt controller for pid #18364
918 [24868] INFO perfrun.sdk <> - runCmd: "C:\Program Files (x86)\Intel\oneAPI\vtune\2022.0.0\bin64\sep.exe" -start -experimental -uem timer=10 -em factor=5 -p-state trigger=CPU_CLK_UNHALTED.REF_TSC -out "C:\Users\COMMIT_gram\Desktop\DHJOO\huggingface\huggin_transformers\src\transformers\models\electra\r000ue\data.0\sep6124.20220119T172119.509289" -ec INST_RETIRED.ANY:sample:sa=2700000,CPU_CLK_UNHALTED.THREAD:sa=2700000,CPU_CLK_UNHALTED.REF_TSC:sample:sa=2700000,OFFCORE_RESPONSE:request=DEMAND_RFO:response=L3_HIT.SNOOP_HITM,CPU_CLK_UNHALTED.REF_XCLK:sa=100003,CPU_CLK_UNHALTED.ONE_THREAD_ACTIVE:sa=100003,CPU_CLK_UNHALTED.THREAD_P,CYCLE_ACTIVITY.STALLS_MEM_ANY,CYCLE_ACTIVITY.STALLS_TOTAL,EXE_ACTIVITY.1_PORTS_UTIL,EXE_ACTIVITY.2_PORTS_UTIL,EXE_ACTIVITY.BOUND_ON_STORES,FRONTEND_RETIRED.LATENCY_GE_4_PS,IDQ_UOPS_NOT_DELIVERED.CORE,INT_MISC.RECOVERY_CYCLES,UOPS_ISSUED.ANY,UOPS_RETIRED.RETIRE_SLOTS,BACLEARS.ANY,BR_MISP_RETIRED.ALL_BRANCHES_PS,DSB2MITE_SWITCHES.PENALTY_CYCLES,FRONTEND_RETIRED.ANY_DSB_MISS,FRONTEND_RETIRED.DSB_MISS_PS,FRONTEND_RETIRED.L2_MISS_PS,FRONTEND_RETIRED.LATENCY_GE_16_PS,FRONTEND_RETIRED.LATENCY_GE_2_BUBBLES_GE_1_PS,FRONTEND_RETIRED.STLB_MISS_PS,ICACHE_16B.IFDATA_STALL,ICACHE_16B.IFDATA_STALL:cmask=1:e=yes,ICACHE_64B.IFTAG_STALL,IDQ.ALL_DSB_CYCLES_4_UOPS,IDQ.ALL_DSB_CYCLES_ANY_UOPS,IDQ.ALL_MITE_CYCLES_4_UOPS,IDQ.ALL_MITE_CYCLES_ANY_UOPS,IDQ.DSB_UOPS,IDQ.MITE_UOPS,IDQ.MS_SWITCHES,IDQ.MS_UOPS,IDQ_UOPS_NOT_DELIVERED.CYCLES_0_UOPS_DELIV.CORE,ILD_STALL.LCP,INT_MISC.CLEAR_RESTEER_CYCLES,MACHINE_CLEARS.COUNT,CYCLE_ACTIVITY.CYCLES_L1D_MISS,CYCLE_ACTIVITY.CYCLES_MEM_ANY,CYCLE_ACTIVITY.STALLS_L1D_MISS,CYCLE_ACTIVITY.STALLS_L2_MISS,CYCLE_ACTIVITY.STALLS_L3_MISS,DTLB_LOAD_MISSES.STLB_HIT:cmask=1,DTLB_LOAD_MISSES.WALK_ACTIVE,DTLB_STORE_MISSES.STLB_HIT:cmask=1,DTLB_STORE_MISSES.WALK_ACTIVE,L1D_PEND_MISS.FB_FULL:cmask=1,L1D_PEND_MISS.PENDING,L2_RQSTS.ALL_RFO,L2_RQSTS.RFO_HIT,LD_BLOCKS.NO_SR,LD_BLOCKS.STORE_FORWARD,LD_BLOCKS_PARTIAL.ADDRESS_ALIAS,MEM_INST_RETIRED.ALL_STORES_PS,MEM_INST_RETIRED.LOCK_LOADS_PS,MEM_INST_RETIRED.SPLIT_LOADS_PS,MEM_INST_RETIRED.SPLIT_STORES_PS,MEM_INST_RETIRED.STLB_MISS_LOADS_PS,MEM_INST_RETIRED.STLB_MISS_STORES_PS,MEM_LOAD_L3_HIT_RETIRED.XSNP_HITM_PS,MEM_LOAD_L3_HIT_RETIRED.XSNP_HIT_PS,MEM_LOAD_L3_HIT_RETIRED.XSNP_MISS_PS,MEM_LOAD_RETIRED.FB_HIT_PS,MEM_LOAD_RETIRED.L1_HIT_PS,MEM_LOAD_RETIRED.L1_MISS_PS,MEM_LOAD_RETIRED.L2_HIT_PS,MEM_LOAD_RETIRED.L3_HIT_PS,MEM_LOAD_RETIRED.L3_MISS_PS,OFFCORE_REQUESTS_BUFFER.SQ_FULL,OFFCORE_REQUESTS_OUTSTANDING.ALL_DATA_RD:cmask=4,OFFCORE_REQUESTS_OUTSTANDING.CYCLES_WITH_DATA_RD,OFFCORE_REQUESTS_OUTSTANDING.CYCLES_WITH_DEMAND_RFO,ARITH.DIVIDER_ACTIVE,FP_ARITH_INST_RETIRED.128B_PACKED_DOUBLE,FP_ARITH_INST_RETIRED.128B_PACKED_SINGLE,FP_ARITH_INST_RETIRED.256B_PACKED_DOUBLE,FP_ARITH_INST_RETIRED.256B_PACKED_SINGLE,FP_ARITH_INST_RETIRED.SCALAR_DOUBLE,FP_ARITH_INST_RETIRED.SCALAR_SINGLE,PARTIAL_RAT_STALLS.SCOREBOARD,UOPS_DISPATCHED_PORT.PORT_0,UOPS_DISPATCHED_PORT.PORT_1,INST_RETIRED.PREC_DIST,UOPS_DISPATCHED_PORT.PORT_2,UOPS_DISPATCHED_PORT.PORT_3,UOPS_DISPATCHED_PORT.PORT_4,UOPS_DISPATCHED_PORT.PORT_5,UOPS_DISPATCHED_PORT.PORT_6,UOPS_DISPATCHED_PORT.PORT_7,UOPS_EXECUTED.CORE_CYCLES_GE_1,UOPS_EXECUTED.CORE_CYCLES_GE_2,UOPS_EXECUTED.CORE_CYCLES_GE_3,UOPS_EXECUTED.CORE_CYCLES_NONE,UOPS_EXECUTED.THREAD,UOPS_EXECUTED.X87,UOPS_ISSUED.VECTOR_WIDTH_MISMATCH,UOPS_RETIRED.MACRO_FUSED,BR_INST_RETIRED.ALL_BRANCHES,FP_ASSIST.ANY,INST_RETIRED.NOP,MEM_INST_RETIRED.ANY,OTHER_ASSISTS.ANY, -d 0 -uem factor=10
923 [24868] INFO perfrun.sdk <> - runCmd started PID 15560
